PiaSample/app/build/intermediates/manifest_merge_blame_file/debug/manifest-merger-blame-debug-report.txt
1<?xml version="1.0" encoding="utf-8"?>
2<manifest xmlns:android="http://schemas.android.com/apk/res/android"
3    package="eu.nets.pia.sample"
4    android:versionCode="144"
5    android:versionName="2.1.0" >
6
7    <uses-sdk
8        android:minSdkVersion="21"
8-->src\main\AndroidManifest.xml
9        android:targetSdkVersion="30" />
9-->src\main\AndroidManifest.xml
10
11    <uses-permission android:name="android.permission.INTERNET" />
11-->src\main\AndroidManifest.xml:5:5-67
11-->src\main\AndroidManifest.xml:5:22-64
12
13    <!-- section-start-to-remove-by-script -->
14    <!-- permissions required by card scanner -->
15    <uses-permission android:name="android.permission.CAMERA" />
15-->[eu.nets.pia:pia-sdk:2.1.0] AndroidManifest.xml:15:5-65
15-->[eu.nets.pia:pia-sdk:2.1.0] AndroidManifest.xml:15:22-62
16    <uses-permission android:name="android.permission.VIBRATE" />
16-->[eu.nets.pia:pia-sdk:2.1.0] AndroidManifest.xml:16:5-66
16-->[eu.nets.pia:pia-sdk:2.1.0] AndroidManifest.xml:16:22-63
17
18    <uses-feature
18-->[eu.nets.pia:pia-sdk:2.1.0] AndroidManifest.xml:18:5-20:36
19        android:name="android.hardware.camera"
19-->[eu.nets.pia:pia-sdk:2.1.0] AndroidManifest.xml:19:9-47
20        android:required="false" />
20-->[eu.nets.pia:pia-sdk:2.1.0] AndroidManifest.xml:20:9-33
21    <uses-feature
21-->[eu.nets.pia:pia-sdk:2.1.0] AndroidManifest.xml:21:5-23:36
22        android:name="android.hardware.camera.autofocus"
22-->[eu.nets.pia:pia-sdk:2.1.0] AndroidManifest.xml:22:9-57
23        android:required="false" />
23-->[eu.nets.pia:pia-sdk:2.1.0] AndroidManifest.xml:23:9-33
24
25    <uses-permission android:name="android.permission.ACCESS_NETWORK_STATE" />
25-->[com.google.android.gms:play-services-measurement:18.0.0] AndroidManifest.xml:24:5-79
25-->[com.google.android.gms:play-services-measurement:18.0.0] AndroidManifest.xml:24:22-76
26    <uses-permission android:name="android.permission.WAKE_LOCK" />
26-->[com.google.android.gms:play-services-measurement:18.0.0] AndroidManifest.xml:25:5-68
26-->[com.google.android.gms:play-services-measurement:18.0.0] AndroidManifest.xml:25:22-65
27    <uses-permission android:name="com.google.android.finsky.permission.BIND_GET_INSTALL_REFERRER_SERVICE" /> <!-- Required by older versions of Google Play services to create IID tokens -->
27-->[com.google.android.gms:play-services-measurement:18.0.0] AndroidManifest.xml:26:5-110
27-->[com.google.android.gms:play-services-measurement:18.0.0] AndroidManifest.xml:26:22-107
28    <uses-permission android:name="com.google.android.c2dm.permission.RECEIVE" />
28-->[com.google.firebase:firebase-iid:21.0.1] AndroidManifest.xml:26:5-82
28-->[com.google.firebase:firebase-iid:21.0.1] AndroidManifest.xml:26:22-79
29
30    <application
30-->src\main\AndroidManifest.xml:7:5-57:19
31        android:name="eu.nets.pia.sample.SampleApplication"
31-->src\main\AndroidManifest.xml:8:9-42
32        android:allowBackup="true"
32-->src\main\AndroidManifest.xml:9:9-35
33        android:appComponentFactory="androidx.core.app.CoreComponentFactory"
33-->[androidx.core:core:1.3.1] AndroidManifest.xml:24:18-86
34        android:debuggable="true"
35        android:icon="@mipmap/ic_launcher"
35-->src\main\AndroidManifest.xml:10:9-43
36        android:label="@string/app_name"
36-->src\main\AndroidManifest.xml:11:9-41
37        android:roundIcon="@mipmap/ic_launcher"
37-->src\main\AndroidManifest.xml:12:9-48
38        android:supportsRtl="true"
38-->src\main\AndroidManifest.xml:13:9-35
39        android:theme="@style/AppTheme" >
39-->src\main\AndroidManifest.xml:14:9-40
40        <activity
40-->src\main\AndroidManifest.xml:15:9-26:20
41            android:name="eu.nets.pia.sample.ui.activity.main.MainActivity"
41-->src\main\AndroidManifest.xml:16:13-58
42            android:label="@string/app_name"
42-->src\main\AndroidManifest.xml:17:13-45
43            android:screenOrientation="portrait"
43-->src\main\AndroidManifest.xml:18:13-49
44            android:theme="@style/NoActionBar"
44-->src\main\AndroidManifest.xml:19:13-47
45            android:windowSoftInputMode="adjustResize" >
45-->src\main\AndroidManifest.xml:20:13-55
46            <intent-filter>
46-->src\main\AndroidManifest.xml:21:13-25:29
47                <action android:name="android.intent.action.MAIN" />
47-->src\main\AndroidManifest.xml:22:17-69
47-->src\main\AndroidManifest.xml:22:25-66
48
49                <category android:name="android.intent.category.LAUNCHER" />
49-->src\main\AndroidManifest.xml:24:17-77
49-->src\main\AndroidManifest.xml:24:27-74
50            </intent-filter>
51        </activity>
52        <activity
52-->src\main\AndroidManifest.xml:27:9-31:68
53            android:name="eu.nets.pia.sample.ui.activity.LoginActivity"
53-->src\main\AndroidManifest.xml:28:13-54
54            android:screenOrientation="portrait"
54-->src\main\AndroidManifest.xml:29:13-49
55            android:theme="@style/NoActionBar"
55-->src\main\AndroidManifest.xml:30:13-47
56            android:windowSoftInputMode="adjustPan|adjustResize" />
56-->src\main\AndroidManifest.xml:31:13-65
57        <activity
57-->src\main\AndroidManifest.xml:32:9-36:55
58            android:name="eu.nets.pia.sample.ui.activity.ConfirmationActivity"
58-->src\main\AndroidManifest.xml:33:13-61
59            android:screenOrientation="portrait"
59-->src\main\AndroidManifest.xml:34:13-49
60            android:theme="@style/NoActionBar"
60-->src\main\AndroidManifest.xml:35:13-47
61            android:windowSoftInputMode="adjustPan" />
61-->src\main\AndroidManifest.xml:36:13-52
62        <activity
62-->src\main\AndroidManifest.xml:37:9-41:55
63            android:name="eu.nets.pia.sample.ui.activity.MerchantBESettingsActivity"
63-->src\main\AndroidManifest.xml:38:13-67
64            android:screenOrientation="portrait"
64-->src\main\AndroidManifest.xml:39:13-49
65            android:theme="@style/NoActionBar"
65-->src\main\AndroidManifest.xml:40:13-47
66            android:windowSoftInputMode="adjustPan" />
66-->src\main\AndroidManifest.xml:41:13-52
67        <activity
67-->src\main\AndroidManifest.xml:42:9-46:55
68            android:name="eu.nets.pia.sample.ui.activity.UICustomizationActivity"
68-->src\main\AndroidManifest.xml:43:13-64
69            android:screenOrientation="portrait"
69-->src\main\AndroidManifest.xml:44:13-49
70            android:theme="@style/NoActionBar"
70-->src\main\AndroidManifest.xml:45:13-47
71            android:windowSoftInputMode="adjustPan" />
71-->src\main\AndroidManifest.xml:46:13-52
72
73        <provider
74            android:name="androidx.core.content.FileProvider"
74-->src\main\AndroidManifest.xml:49:13-62
75            android:authorities="eu.nets.pia.sample.fileprovider"
75-->src\main\AndroidManifest.xml:50:13-64
76            android:exported="false"
76-->src\main\AndroidManifest.xml:51:13-37
77            android:grantUriPermissions="true" >
77-->src\main\AndroidManifest.xml:52:13-47
78            <meta-data
78-->src\main\AndroidManifest.xml:53:13-55:58
79                android:name="android.support.FILE_PROVIDER_PATHS"
79-->src\main\AndroidManifest.xml:54:17-67
80                android:resource="@xml/provider_paths" />
80-->src\main\AndroidManifest.xml:55:17-55
81        </provider>
82
83        <activity
83-->[eu.nets.pia:pia-sdk:2.1.0] AndroidManifest.xml:30:9-34:51
84            android:name="eu.nets.pia.ui.webview.PaytrailActivity"
84-->[eu.nets.pia:pia-sdk:2.1.0] AndroidManifest.xml:31:13-67
85            android:configChanges="uiMode"
85-->[eu.nets.pia:pia-sdk:2.1.0] AndroidManifest.xml:32:13-43
86            android:screenOrientation="portrait"
86-->[eu.nets.pia:pia-sdk:2.1.0] AndroidManifest.xml:33:13-49
87            android:theme="@style/Pia.AppTheme" />
87-->[eu.nets.pia:pia-sdk:2.1.0] AndroidManifest.xml:34:13-48
88        <activity
88-->[eu.nets.pia:pia-sdk:2.1.0] AndroidManifest.xml:35:9-39:51
89            android:name="eu.nets.pia.ui.webview.ThreeDSecureActivity"
89-->[eu.nets.pia:pia-sdk:2.1.0] AndroidManifest.xml:36:13-71
90            android:configChanges="uiMode"
90-->[eu.nets.pia:pia-sdk:2.1.0] AndroidManifest.xml:37:13-43
91            android:screenOrientation="portrait"
91-->[eu.nets.pia:pia-sdk:2.1.0] AndroidManifest.xml:38:13-49
92            android:theme="@style/Pia.AppTheme" />
92-->[eu.nets.pia:pia-sdk:2.1.0] AndroidManifest.xml:39:13-48
93        <activity
93-->[eu.nets.pia:pia-sdk:2.1.0] AndroidManifest.xml:40:9-44:51
94            android:name="eu.nets.pia.ui.webview.PayPalActivity"
94-->[eu.nets.pia:pia-sdk:2.1.0] AndroidManifest.xml:41:13-65
95            android:configChanges="uiMode"
95-->[eu.nets.pia:pia-sdk:2.1.0] AndroidManifest.xml:42:13-43
96            android:screenOrientation="portrait"
96-->[eu.nets.pia:pia-sdk:2.1.0] AndroidManifest.xml:43:13-49
97            android:theme="@style/Pia.AppTheme" />
97-->[eu.nets.pia:pia-sdk:2.1.0] AndroidManifest.xml:44:13-48
98        <activity
98-->[eu.nets.pia:pia-sdk:2.1.0] AndroidManifest.xml:45:9-50:55
99            android:name="eu.nets.pia.ui.main.PiaActivity"
99-->[eu.nets.pia:pia-sdk:2.1.0] AndroidManifest.xml:46:13-59
100            android:configChanges="uiMode"
100-->[eu.nets.pia:pia-sdk:2.1.0] AndroidManifest.xml:47:13-43
101            android:screenOrientation="portrait"
101-->[eu.nets.pia:pia-sdk:2.1.0] AndroidManifest.xml:48:13-49
102            android:theme="@style/Pia.AppTheme"
102-->[eu.nets.pia:pia-sdk:2.1.0] AndroidManifest.xml:49:13-48
103            android:windowSoftInputMode="adjustPan" />
103-->[eu.nets.pia:pia-sdk:2.1.0] AndroidManifest.xml:50:13-52
104        <activity
104-->[eu.nets.pia:pia-sdk:2.1.0] AndroidManifest.xml:51:9-55:51
105            android:name="eu.nets.pia.cardio.CardIOActivity"
105-->[eu.nets.pia:pia-sdk:2.1.0] AndroidManifest.xml:52:13-61
106            android:configChanges="keyboardHidden|orientation|uiMode"
106-->[eu.nets.pia:pia-sdk:2.1.0] AndroidManifest.xml:53:13-70
107            android:screenOrientation="portrait"
107-->[eu.nets.pia:pia-sdk:2.1.0] AndroidManifest.xml:54:13-49
108            android:theme="@style/Pia.AppTheme" />
108-->[eu.nets.pia:pia-sdk:2.1.0] AndroidManifest.xml:55:13-48
109        <activity
109-->[eu.nets.pia:pia-sdk:2.1.0] AndroidManifest.xml:56:9-61:20
110            android:name="eu.nets.pia.ui.wallet.WalletPaymentActivity"
110-->[eu.nets.pia:pia-sdk:2.1.0] AndroidManifest.xml:57:13-71
111            android:configChanges="keyboardHidden|orientation|uiMode"
111-->[eu.nets.pia:pia-sdk:2.1.0] AndroidManifest.xml:58:13-70
112            android:launchMode="singleTask"
112-->[eu.nets.pia:pia-sdk:2.1.0] AndroidManifest.xml:59:13-44
113            android:theme="@style/Pia.Theme.Transparent" >
113-->[eu.nets.pia:pia-sdk:2.1.0] AndroidManifest.xml:60:13-57
114        </activity>
115        <activity
115-->[eu.nets.pia:pia-sdk:2.1.0] AndroidManifest.xml:62:9-76:20
116            android:name="eu.nets.pia.wallets.MobilepayActivity"
116-->[eu.nets.pia:pia-sdk:2.1.0] AndroidManifest.xml:63:13-65
117            android:launchMode="singleTask"
117-->[eu.nets.pia:pia-sdk:2.1.0] AndroidManifest.xml:64:13-44
118            android:theme="@style/Pia.Theme.Transparent" >
118-->[eu.nets.pia:pia-sdk:2.1.0] AndroidManifest.xml:65:13-57
119            <intent-filter>
119-->[eu.nets.pia:pia-sdk:2.1.0] AndroidManifest.xml:66:13-75:29
120                <action android:name="android.intent.action.VIEW" />
120-->[eu.nets.pia:pia-sdk:2.1.0] AndroidManifest.xml:67:17-69
120-->[eu.nets.pia:pia-sdk:2.1.0] AndroidManifest.xml:67:25-66
121
122                <category android:name="android.intent.category.DEFAULT" />
122-->[eu.nets.pia:pia-sdk:2.1.0] AndroidManifest.xml:69:17-76
122-->[eu.nets.pia:pia-sdk:2.1.0] AndroidManifest.xml:69:27-73
123                <category android:name="android.intent.category.BROWSABLE" />
123-->[eu.nets.pia:pia-sdk:2.1.0] AndroidManifest.xml:70:17-78
123-->[eu.nets.pia:pia-sdk:2.1.0] AndroidManifest.xml:70:27-75
124
125                <data
125-->[eu.nets.pia:pia-sdk:2.1.0] AndroidManifest.xml:72:17-74:57
126                    android:host="piasdk_mobilepay"
126-->[eu.nets.pia:pia-sdk:2.1.0] AndroidManifest.xml:73:21-52
127                    android:scheme="eu.nets.pia.sample" />
127-->[eu.nets.pia:pia-sdk:2.1.0] AndroidManifest.xml:74:21-54
128            </intent-filter>
129        </activity>
130        <activity
130-->[eu.nets.pia:pia-sdk:2.1.0] AndroidManifest.xml:77:9-91:20
131            android:name="eu.nets.pia.wallets.VippsTestActivity"
131-->[eu.nets.pia:pia-sdk:2.1.0] AndroidManifest.xml:78:13-65
132            android:launchMode="singleTask"
132-->[eu.nets.pia:pia-sdk:2.1.0] AndroidManifest.xml:79:13-44
133            android:theme="@style/Pia.Theme.Transparent" >
133-->[eu.nets.pia:pia-sdk:2.1.0] AndroidManifest.xml:80:13-57
134            <intent-filter>
134-->[eu.nets.pia:pia-sdk:2.1.0] AndroidManifest.xml:81:13-90:29
135                <action android:name="android.intent.action.VIEW" />
135-->[eu.nets.pia:pia-sdk:2.1.0] AndroidManifest.xml:67:17-69
135-->[eu.nets.pia:pia-sdk:2.1.0] AndroidManifest.xml:67:25-66
136
137                <category android:name="android.intent.category.DEFAULT" />
137-->[eu.nets.pia:pia-sdk:2.1.0] AndroidManifest.xml:69:17-76
137-->[eu.nets.pia:pia-sdk:2.1.0] AndroidManifest.xml:69:27-73
138                <category android:name="android.intent.category.BROWSABLE" />
138-->[eu.nets.pia:pia-sdk:2.1.0] AndroidManifest.xml:70:17-78
138-->[eu.nets.pia:pia-sdk:2.1.0] AndroidManifest.xml:70:27-75
139
140                <data
140-->[eu.nets.pia:pia-sdk:2.1.0] AndroidManifest.xml:72:17-74:57
141                    android:host="piasdk_vipps_test"
141-->[eu.nets.pia:pia-sdk:2.1.0] AndroidManifest.xml:73:21-52
142                    android:scheme="eu.nets.pia.sample" />
142-->[eu.nets.pia:pia-sdk:2.1.0] AndroidManifest.xml:74:21-54
143            </intent-filter>
144        </activity>
145        <activity
145-->[eu.nets.pia:pia-sdk:2.1.0] AndroidManifest.xml:92:9-106:20
146            android:name="eu.nets.pia.wallets.VippsActivity"
146-->[eu.nets.pia:pia-sdk:2.1.0] AndroidManifest.xml:93:13-61
147            android:launchMode="singleTask"
147-->[eu.nets.pia:pia-sdk:2.1.0] AndroidManifest.xml:94:13-44
148            android:theme="@style/Pia.Theme.Transparent" >
148-->[eu.nets.pia:pia-sdk:2.1.0] AndroidManifest.xml:95:13-57
149            <intent-filter>
149-->[eu.nets.pia:pia-sdk:2.1.0] AndroidManifest.xml:96:13-105:29
150                <action android:name="android.intent.action.VIEW" />
150-->[eu.nets.pia:pia-sdk:2.1.0] AndroidManifest.xml:67:17-69
150-->[eu.nets.pia:pia-sdk:2.1.0] AndroidManifest.xml:67:25-66
151
152                <category android:name="android.intent.category.DEFAULT" />
152-->[eu.nets.pia:pia-sdk:2.1.0] AndroidManifest.xml:69:17-76
152-->[eu.nets.pia:pia-sdk:2.1.0] AndroidManifest.xml:69:27-73
153                <category android:name="android.intent.category.BROWSABLE" />
153-->[eu.nets.pia:pia-sdk:2.1.0] AndroidManifest.xml:70:17-78
153-->[eu.nets.pia:pia-sdk:2.1.0] AndroidManifest.xml:70:27-75
154
155                <data
155-->[eu.nets.pia:pia-sdk:2.1.0] AndroidManifest.xml:72:17-74:57
156                    android:host="piasdk_vipps"
156-->[eu.nets.pia:pia-sdk:2.1.0] AndroidManifest.xml:73:21-52
157                    android:scheme="eu.nets.pia.sample" />
157-->[eu.nets.pia:pia-sdk:2.1.0] AndroidManifest.xml:74:21-54
158            </intent-filter>
159        </activity>
160        <activity
160-->[eu.nets.pia:pia-sdk:2.1.0] AndroidManifest.xml:107:9-121:20
161            android:name="eu.nets.pia.wallets.SwishActivity"
161-->[eu.nets.pia:pia-sdk:2.1.0] AndroidManifest.xml:108:13-61
162            android:launchMode="singleTask"
162-->[eu.nets.pia:pia-sdk:2.1.0] AndroidManifest.xml:109:13-44
163            android:theme="@style/Pia.Theme.Transparent" >
163-->[eu.nets.pia:pia-sdk:2.1.0] AndroidManifest.xml:110:13-57
164            <intent-filter>
164-->[eu.nets.pia:pia-sdk:2.1.0] AndroidManifest.xml:111:13-120:29
165                <action android:name="android.intent.action.VIEW" />
165-->[eu.nets.pia:pia-sdk:2.1.0] AndroidManifest.xml:67:17-69
165-->[eu.nets.pia:pia-sdk:2.1.0] AndroidManifest.xml:67:25-66
166
167                <category android:name="android.intent.category.DEFAULT" />
167-->[eu.nets.pia:pia-sdk:2.1.0] AndroidManifest.xml:69:17-76
167-->[eu.nets.pia:pia-sdk:2.1.0] AndroidManifest.xml:69:27-73
168                <category android:name="android.intent.category.BROWSABLE" />
168-->[eu.nets.pia:pia-sdk:2.1.0] AndroidManifest.xml:70:17-78
168-->[eu.nets.pia:pia-sdk:2.1.0] AndroidManifest.xml:70:27-75
169
170                <data
170-->[eu.nets.pia:pia-sdk:2.1.0] AndroidManifest.xml:72:17-74:57
171                    android:host="piasdk_swish"
171-->[eu.nets.pia:pia-sdk:2.1.0] AndroidManifest.xml:73:21-52
172                    android:scheme="eu.nets.pia.sample" />
172-->[eu.nets.pia:pia-sdk:2.1.0] AndroidManifest.xml:74:21-54
173            </intent-filter>
174        </activity>
175        <!--
176             FirebaseMessagingService performs security checks at runtime,
177             but set to not exported to explicitly avoid allowing another app to call it.
178        -->
179        <service
179-->[com.google.firebase:firebase-messaging:21.0.1] AndroidManifest.xml:28:9-35:19
180            android:name="com.google.firebase.messaging.FirebaseMessagingService"
180-->[com.google.firebase:firebase-messaging:21.0.1] AndroidManifest.xml:29:13-82
181            android:directBootAware="true"
181-->[com.google.firebase:firebase-messaging:21.0.1] AndroidManifest.xml:30:13-43
182            android:exported="false" >
182-->[com.google.firebase:firebase-messaging:21.0.1] AndroidManifest.xml:31:13-37
183            <intent-filter android:priority="-500" >
183-->[com.google.firebase:firebase-messaging:21.0.1] AndroidManifest.xml:32:13-34:29
183-->[com.google.firebase:firebase-messaging:21.0.1] AndroidManifest.xml:32:28-51
184                <action android:name="com.google.firebase.MESSAGING_EVENT" />
184-->[com.google.firebase:firebase-messaging:21.0.1] AndroidManifest.xml:33:17-78
184-->[com.google.firebase:firebase-messaging:21.0.1] AndroidManifest.xml:33:25-75
185            </intent-filter>
186        </service>
187        <service
187-->[com.google.firebase:firebase-messaging:21.0.1] AndroidManifest.xml:36:9-42:19
188            android:name="com.google.firebase.components.ComponentDiscoveryService"
188-->[com.google.firebase:firebase-messaging:21.0.1] AndroidManifest.xml:37:13-84
189            android:directBootAware="true"
189-->[com.google.firebase:firebase-common:19.5.0] AndroidManifest.xml:35:13-43
190            android:exported="false" >
190-->[com.google.firebase:firebase-messaging:21.0.1] AndroidManifest.xml:38:13-37
191            <meta-data
191-->[com.google.firebase:firebase-messaging:21.0.1] AndroidManifest.xml:39:13-41:85
192                android:name="com.google.firebase.components:com.google.firebase.messaging.FirebaseMessagingRegistrar"
192-->[com.google.firebase:firebase-messaging:21.0.1] AndroidManifest.xml:40:17-119
193                android:value="com.google.firebase.components.ComponentRegistrar" />
193-->[com.google.firebase:firebase-messaging:21.0.1] AndroidManifest.xml:41:17-82
194            <meta-data
194-->[com.google.android.gms:play-services-measurement-api:18.0.0] AndroidManifest.xml:30:13-32:85
195                android:name="com.google.firebase.components:com.google.firebase.analytics.connector.internal.AnalyticsConnectorRegistrar"
195-->[com.google.android.gms:play-services-measurement-api:18.0.0] AndroidManifest.xml:31:17-139
196                android:value="com.google.firebase.components.ComponentRegistrar" />
196-->[com.google.android.gms:play-services-measurement-api:18.0.0] AndroidManifest.xml:32:17-82
197            <meta-data
197-->[com.google.firebase:firebase-iid:21.0.1] AndroidManifest.xml:32:13-34:85
198                android:name="com.google.firebase.components:com.google.firebase.iid.Registrar"
198-->[com.google.firebase:firebase-iid:21.0.1] AndroidManifest.xml:33:17-96
199                android:value="com.google.firebase.components.ComponentRegistrar" />
199-->[com.google.firebase:firebase-iid:21.0.1] AndroidManifest.xml:34:17-82
200            <meta-data
200-->[com.google.firebase:firebase-installations:16.3.5] AndroidManifest.xml:18:13-20:85
201                android:name="com.google.firebase.components:com.google.firebase.installations.FirebaseInstallationsRegistrar"
201-->[com.google.firebase:firebase-installations:16.3.5] AndroidManifest.xml:19:17-127
202                android:value="com.google.firebase.components.ComponentRegistrar" />
202-->[com.google.firebase:firebase-installations:16.3.5] AndroidManifest.xml:20:17-82
203            <meta-data
203-->[com.google.firebase:firebase-datatransport:17.0.10] AndroidManifest.xml:28:13-30:85
204                android:name="com.google.firebase.components:com.google.firebase.datatransport.TransportRegistrar"
204-->[com.google.firebase:firebase-datatransport:17.0.10] AndroidManifest.xml:29:17-115
205                android:value="com.google.firebase.components.ComponentRegistrar" />
205-->[com.google.firebase:firebase-datatransport:17.0.10] AndroidManifest.xml:30:17-82
206            <!--
207                This registrar is not defined in the dynamic-module-support sdk itself to allow non-firebase
208                clients to use it as well, by defining this registrar in their own core/common library.
209            -->
210            <meta-data
210-->[com.google.firebase:firebase-common:19.5.0] AndroidManifest.xml:43:13-45:85
211                android:name="com.google.firebase.components:com.google.firebase.dynamicloading.DynamicLoadingRegistrar"
211-->[com.google.firebase:firebase-common:19.5.0] AndroidManifest.xml:44:17-121
212                android:value="com.google.firebase.components.ComponentRegistrar" />
212-->[com.google.firebase:firebase-common:19.5.0] AndroidManifest.xml:45:17-82
213        </service>
214
215        <receiver
215-->[com.google.android.gms:play-services-measurement:18.0.0] AndroidManifest.xml:29:9-33:20
216            android:name="com.google.android.gms.measurement.AppMeasurementReceiver"
216-->[com.google.android.gms:play-services-measurement:18.0.0] AndroidManifest.xml:30:13-85
217            android:enabled="true"
217-->[com.google.android.gms:play-services-measurement:18.0.0] AndroidManifest.xml:31:13-35
218            android:exported="false" >
218-->[com.google.android.gms:play-services-measurement:18.0.0] AndroidManifest.xml:32:13-37
219        </receiver>
220
221        <service
221-->[com.google.android.gms:play-services-measurement:18.0.0] AndroidManifest.xml:35:9-38:40
222            android:name="com.google.android.gms.measurement.AppMeasurementService"
222-->[com.google.android.gms:play-services-measurement:18.0.0] AndroidManifest.xml:36:13-84
223            android:enabled="true"
223-->[com.google.android.gms:play-services-measurement:18.0.0] AndroidManifest.xml:37:13-35
224            android:exported="false" />
224-->[com.google.android.gms:play-services-measurement:18.0.0] AndroidManifest.xml:38:13-37
225        <service
225-->[com.google.android.gms:play-services-measurement:18.0.0] AndroidManifest.xml:39:9-43:72
226            android:name="com.google.android.gms.measurement.AppMeasurementJobService"
226-->[com.google.android.gms:play-services-measurement:18.0.0] AndroidManifest.xml:40:13-87
227            android:enabled="true"
227-->[com.google.android.gms:play-services-measurement:18.0.0] AndroidManifest.xml:41:13-35
228            android:exported="false"
228-->[com.google.android.gms:play-services-measurement:18.0.0] AndroidManifest.xml:42:13-37
229            android:permission="android.permission.BIND_JOB_SERVICE" />
229-->[com.google.android.gms:play-services-measurement:18.0.0] AndroidManifest.xml:43:13-69
230
231        <receiver
231-->[com.google.firebase:firebase-iid:21.0.1] AndroidManifest.xml:37:9-44:20
232            android:name="com.google.firebase.iid.FirebaseInstanceIdReceiver"
232-->[com.google.firebase:firebase-iid:21.0.1] AndroidManifest.xml:38:13-78
233            android:exported="true"
233-->[com.google.firebase:firebase-iid:21.0.1] AndroidManifest.xml:39:13-36
234            android:permission="com.google.android.c2dm.permission.SEND" >
234-->[com.google.firebase:firebase-iid:21.0.1] AndroidManifest.xml:40:13-73
235            <intent-filter>
235-->[com.google.firebase:firebase-iid:21.0.1] AndroidManifest.xml:41:13-43:29
236                <action android:name="com.google.android.c2dm.intent.RECEIVE" />
236-->[com.google.firebase:firebase-iid:21.0.1] AndroidManifest.xml:42:17-81
236-->[com.google.firebase:firebase-iid:21.0.1] AndroidManifest.xml:42:25-78
237            </intent-filter>
238        </receiver>
239
240        <provider
240-->[com.google.firebase:firebase-common:19.5.0] AndroidManifest.xml:26:9-31:39
241            android:name="com.google.firebase.provider.FirebaseInitProvider"
241-->[com.google.firebase:firebase-common:19.5.0] AndroidManifest.xml:27:13-77
242            android:authorities="eu.nets.pia.sample.firebaseinitprovider"
242-->[com.google.firebase:firebase-common:19.5.0] AndroidManifest.xml:28:13-72
243            android:directBootAware="true"
243-->[com.google.firebase:firebase-common:19.5.0] AndroidManifest.xml:29:13-43
244            android:exported="false"
244-->[com.google.firebase:firebase-common:19.5.0] AndroidManifest.xml:30:13-37
245            android:initOrder="100" />
245-->[com.google.firebase:firebase-common:19.5.0] AndroidManifest.xml:31:13-36
246
247        <activity
247-->[com.google.android.gms:play-services-base:17.0.0] AndroidManifest.xml:23:9-26:75
248            android:name="com.google.android.gms.common.api.GoogleApiActivity"
248-->[com.google.android.gms:play-services-base:17.0.0] AndroidManifest.xml:24:13-79
249            android:exported="false"
249-->[com.google.android.gms:play-services-base:17.0.0] AndroidManifest.xml:25:13-37
250            android:theme="@android:style/Theme.Translucent.NoTitleBar" />
250-->[com.google.android.gms:play-services-base:17.0.0] AndroidManifest.xml:26:13-72
251
252        <meta-data
252-->[com.google.android.gms:play-services-basement:17.0.0] AndroidManifest.xml:23:9-25:69
253            android:name="com.google.android.gms.version"
253-->[com.google.android.gms:play-services-basement:17.0.0] AndroidManifest.xml:24:13-58
254            android:value="@integer/google_play_services_version" />
254-->[com.google.android.gms:play-services-basement:17.0.0] AndroidManifest.xml:25:13-66
255
256        <service
256-->[com.google.android.datatransport:transport-backend-cct:2.3.3] AndroidManifest.xml:29:9-35:19
257            android:name="com.google.android.datatransport.runtime.backends.TransportBackendDiscovery"
257-->[com.google.android.datatransport:transport-backend-cct:2.3.3] AndroidManifest.xml:30:13-103
258            android:exported="false" >
258-->[com.google.android.datatransport:transport-backend-cct:2.3.3] AndroidManifest.xml:31:13-37
259            <meta-data
259-->[com.google.android.datatransport:transport-backend-cct:2.3.3] AndroidManifest.xml:32:13-34:39
260                android:name="backend:com.google.android.datatransport.cct.CctBackendFactory"
260-->[com.google.android.datatransport:transport-backend-cct:2.3.3] AndroidManifest.xml:33:17-94
261                android:value="cct" />
261-->[com.google.android.datatransport:transport-backend-cct:2.3.3] AndroidManifest.xml:34:17-36
262        </service>
263        <service
263-->[com.google.android.datatransport:transport-runtime:2.2.5] AndroidManifest.xml:26:9-30:19
264            android:name="com.google.android.datatransport.runtime.scheduling.jobscheduling.JobInfoSchedulerService"
264-->[com.google.android.datatransport:transport-runtime:2.2.5] AndroidManifest.xml:27:13-117
265            android:exported="false"
265-->[com.google.android.datatransport:transport-runtime:2.2.5] AndroidManifest.xml:28:13-37
266            android:permission="android.permission.BIND_JOB_SERVICE" >
266-->[com.google.android.datatransport:transport-runtime:2.2.5] AndroidManifest.xml:29:13-69
267        </service>
268
269        <receiver
269-->[com.google.android.datatransport:transport-runtime:2.2.5] AndroidManifest.xml:32:9-34:40
270            android:name="com.google.android.datatransport.runtime.scheduling.jobscheduling.AlarmManagerSchedulerBroadcastReceiver"
270-->[com.google.android.datatransport:transport-runtime:2.2.5] AndroidManifest.xml:33:13-132
271            android:exported="false" />
271-->[com.google.android.datatransport:transport-runtime:2.2.5] AndroidManifest.xml:34:13-37
272    </application>
273
274</manifest>